Build started 03.10.2021 18:20:16.
     1>Project "c:\Users\Asus\documents\visual studio 2012\Projects\Project6\Project6\Project6.vcxproj" on node 2 (Build target(s)).
     1>ClCompile:
         C:\Program Files (x86)\Microsoft Visual Studio 11.0\VC\bin\CL.exe /c /ZI /nologo /W3 /WX- /Od /Oy- /D _MBCS /Gm /EHsc /RTC1 /MDd /GS /fp:precise /Zc:wchar_t /Zc:forScope /Fo"Debug\\" /Fd"Debug\vc110.pdb" /Gd /TP /analyze- /errorReport:prompt Source.cpp
         Source.cpp
     1>c:\users\asus\documents\visual studio 2012\projects\project6\project6\source.cpp(20): error C2143: syntax error : missing ')' before ';'
     1>c:\users\asus\documents\visual studio 2012\projects\project6\project6\source.cpp(21): warning C4390: ';' : empty controlled statement found; is this the intent?
     1>c:\users\asus\documents\visual studio 2012\projects\project6\project6\source.cpp(23): error C2065: 'a' : undeclared identifier
     1>c:\users\asus\documents\visual studio 2012\projects\project6\project6\source.cpp(23): fatal error C1903: unable to recover from previous error(s); stopping compilation
     1>Done Building Project "c:\Users\Asus\documents\visual studio 2012\Projects\Project6\Project6\Project6.vcxproj" (Build target(s)) -- FAILED.

Build FAILED.

Time Elapsed 00:00:00.50
